<?xml version="1.0" encoding="UTF-8"?>
<!-- Generated by org.testng.reporters.JUnitReportReporter -->
<testsuite hostname="DESKTOP-NTEQKAQ" failures="0" tests="7" name="Finalproject.GURU99DEMOSITE" time="83.295" errors="0" timestamp="2024-09-19T12:45:38 IST" skipped="0">
  <testcase classname="Finalproject.GURU99DEMOSITE" name="openGuru99" time="7.682"/>
  <system-out/>
  <testcase classname="Finalproject.GURU99DEMOSITE" name="Guru99" time="14.898"/>
  <system-out/>
  <testcase classname="Finalproject.GURU99DEMOSITE" name="Reset" time="11.694"/>
  <system-out/>
  <testcase classname="Finalproject.GURU99DEMOSITE" name="Addtariffplan" time="16.171"/>
  <system-out/>
  <testcase classname="Finalproject.GURU99DEMOSITE" name="Resettariffplan" time="16.077"/>
  <system-out/>
  <testcase classname="Finalproject.GURU99DEMOSITE" name="Addtariffplantocustomer" time="8.779"/>
  <system-out/>
  <testcase classname="Finalproject.GURU99DEMOSITE" name="Paybilling" time="7.994"/>
  <system-out/>
</testsuite> <!-- Finalproject.GURU99DEMOSITE -->
